{"total": {"lines":{"total":1081,"covered":1067,"skipped":0,"pct":98.7},"statements":{"total":1300,"covered":1266,"skipped":0,"pct":97.38},"functions":{"total":437,"covered":432,"skipped":0,"pct":98.85},"branches":{"total":1051,"covered":928,"skipped":0,"pct":88.29},"branchesTrue":{"total":0,"covered":0,"skipped":0,"pct":100}}
,"/Users/aparedesa/Desktop/Projects/AranzaGroup/@aranzatech/flowslint/src/index.ts": {"lines":{"total":0,"covered":0,"skipped":0,"pct":100},"functions":{"total":0,"covered":0,"skipped":0,"pct":100},"statements":{"total":0,"covered":0,"skipped":0,"pct":100},"branches":{"total":0,"covered":0,"skipped":0,"pct":100}}
,"/Users/aparedesa/Desktop/Projects/AranzaGroup/@aranzatech/flowslint/src/bpmn/adapters-bpmn-state.ts": {"lines":{"total":1,"covered":1,"skipped":0,"pct":100},"functions":{"total":1,"covered":1,"skipped":0,"pct":100},"statements":{"total":1,"covered":1,"skipped":0,"pct":100},"branches":{"total":0,"covered":0,"skipped":0,"pct":100}}
,"/Users/aparedesa/Desktop/Projects/AranzaGroup/@aranzatech/flowslint/src/bpmn/adapters.ts": {"lines":{"total":77,"covered":77,"skipped":0,"pct":100},"functions":{"total":12,"covered":12,"skipped":0,"pct":100},"statements":{"total":107,"covered":103,"skipped":0,"pct":96.26},"branches":{"total":93,"covered":84,"skipped":0,"pct":90.32}}
,"/Users/aparedesa/Desktop/Projects/AranzaGroup/@aranzatech/flowslint/src/bpmn/index.ts": {"lines":{"total":0,"covered":0,"skipped":0,"pct":100},"functions":{"total":0,"covered":0,"skipped":0,"pct":100},"statements":{"total":0,"covered":0,"skipped":0,"pct":100},"branches":{"total":0,"covered":0,"skipped":0,"pct":100}}
,"/Users/aparedesa/Desktop/Projects/AranzaGroup/@aranzatech/flowslint/src/bpmn/runner.ts": {"lines":{"total":13,"covered":13,"skipped":0,"pct":100},"functions":{"total":3,"covered":3,"skipped":0,"pct":100},"statements":{"total":15,"covered":15,"skipped":0,"pct":100},"branches":{"total":7,"covered":7,"skipped":0,"pct":100}}
,"/Users/aparedesa/Desktop/Projects/AranzaGroup/@aranzatech/flowslint/src/bpmn/tab-order.ts": {"lines":{"total":34,"covered":33,"skipped":0,"pct":97.05},"functions":{"total":10,"covered":8,"skipped":0,"pct":80},"statements":{"total":43,"covered":40,"skipped":0,"pct":93.02},"branches":{"total":30,"covered":23,"skipped":0,"pct":76.66}}
,"/Users/aparedesa/Desktop/Projects/AranzaGroup/@aranzatech/flowslint/src/bpmn/types.ts": {"lines":{"total":33,"covered":33,"skipped":0,"pct":100},"functions":{"total":18,"covered":18,"skipped":0,"pct":100},"statements":{"total":45,"covered":44,"skipped":0,"pct":97.77},"branches":{"total":33,"covered":32,"skipped":0,"pct":96.96}}
,"/Users/aparedesa/Desktop/Projects/AranzaGroup/@aranzatech/flowslint/src/bpmn/rules/annotation-has-text.ts": {"lines":{"total":4,"covered":4,"skipped":0,"pct":100},"functions":{"total":3,"covered":3,"skipped":0,"pct":100},"statements":{"total":4,"covered":4,"skipped":0,"pct":100},"branches":{"total":2,"covered":2,"skipped":0,"pct":100}}
,"/Users/aparedesa/Desktop/Projects/AranzaGroup/@aranzatech/flowslint/src/bpmn/rules/boundary-event-attached.ts": {"lines":{"total":9,"covered":9,"skipped":0,"pct":100},"functions":{"total":5,"covered":5,"skipped":0,"pct":100},"statements":{"total":11,"covered":11,"skipped":0,"pct":100},"branches":{"total":6,"covered":6,"skipped":0,"pct":100}}
,"/Users/aparedesa/Desktop/Projects/AranzaGroup/@aranzatech/flowslint/src/bpmn/rules/boundary-has-outgoing.ts": {"lines":{"total":6,"covered":6,"skipped":0,"pct":100},"functions":{"total":5,"covered":5,"skipped":0,"pct":100},"statements":{"total":8,"covered":8,"skipped":0,"pct":100},"branches":{"total":4,"covered":4,"skipped":0,"pct":100}}
,"/Users/aparedesa/Desktop/Projects/AranzaGroup/@aranzatech/flowslint/src/bpmn/rules/boundary-no-incoming.ts": {"lines":{"total":6,"covered":6,"skipped":0,"pct":100},"functions":{"total":5,"covered":5,"skipped":0,"pct":100},"statements":{"total":8,"covered":8,"skipped":0,"pct":100},"branches":{"total":4,"covered":4,"skipped":0,"pct":100}}
,"/Users/aparedesa/Desktop/Projects/AranzaGroup/@aranzatech/flowslint/src/bpmn/rules/cancel-only-in-transaction.ts": {"lines":{"total":16,"covered":15,"skipped":0,"pct":93.75},"functions":{"total":3,"covered":3,"skipped":0,"pct":100},"statements":{"total":17,"covered":16,"skipped":0,"pct":94.11},"branches":{"total":17,"covered":12,"skipped":0,"pct":70.58}}
,"/Users/aparedesa/Desktop/Projects/AranzaGroup/@aranzatech/flowslint/src/bpmn/rules/choreography-has-participants.ts": {"lines":{"total":6,"covered":6,"skipped":0,"pct":100},"functions":{"total":4,"covered":4,"skipped":0,"pct":100},"statements":{"total":6,"covered":6,"skipped":0,"pct":100},"branches":{"total":4,"covered":3,"skipped":0,"pct":75}}
,"/Users/aparedesa/Desktop/Projects/AranzaGroup/@aranzatech/flowslint/src/bpmn/rules/compensation-flow-target.ts": {"lines":{"total":14,"covered":14,"skipped":0,"pct":100},"functions":{"total":5,"covered":5,"skipped":0,"pct":100},"statements":{"total":19,"covered":16,"skipped":0,"pct":84.21},"branches":{"total":26,"covered":13,"skipped":0,"pct":50}}
,"/Users/aparedesa/Desktop/Projects/AranzaGroup/@aranzatech/flowslint/src/bpmn/rules/cyclomatic-complexity.ts": {"lines":{"total":7,"covered":7,"skipped":0,"pct":100},"functions":{"total":2,"covered":2,"skipped":0,"pct":100},"statements":{"total":8,"covered":8,"skipped":0,"pct":100},"branches":{"total":4,"covered":4,"skipped":0,"pct":100}}
,"/Users/aparedesa/Desktop/Projects/AranzaGroup/@aranzatech/flowslint/src/bpmn/rules/data-association-valid-endpoints.ts": {"lines":{"total":15,"covered":15,"skipped":0,"pct":100},"functions":{"total":3,"covered":3,"skipped":0,"pct":100},"statements":{"total":19,"covered":18,"skipped":0,"pct":94.73},"branches":{"total":14,"covered":13,"skipped":0,"pct":92.85}}
,"/Users/aparedesa/Desktop/Projects/AranzaGroup/@aranzatech/flowslint/src/bpmn/rules/data-object-connected.ts": {"lines":{"total":8,"covered":8,"skipped":0,"pct":100},"functions":{"total":4,"covered":4,"skipped":0,"pct":100},"statements":{"total":10,"covered":10,"skipped":0,"pct":100},"branches":{"total":7,"covered":7,"skipped":0,"pct":100}}
,"/Users/aparedesa/Desktop/Projects/AranzaGroup/@aranzatech/flowslint/src/bpmn/rules/end-event-has-incoming.ts": {"lines":{"total":5,"covered":5,"skipped":0,"pct":100},"functions":{"total":5,"covered":5,"skipped":0,"pct":100},"statements":{"total":7,"covered":7,"skipped":0,"pct":100},"branches":{"total":4,"covered":4,"skipped":0,"pct":100}}
,"/Users/aparedesa/Desktop/Projects/AranzaGroup/@aranzatech/flowslint/src/bpmn/rules/end-event-required.ts": {"lines":{"total":21,"covered":21,"skipped":0,"pct":100},"functions":{"total":9,"covered":9,"skipped":0,"pct":100},"statements":{"total":27,"covered":26,"skipped":0,"pct":96.29},"branches":{"total":24,"covered":23,"skipped":0,"pct":95.83}}
,"/Users/aparedesa/Desktop/Projects/AranzaGroup/@aranzatech/flowslint/src/bpmn/rules/event-based-gateway-min-outgoing.ts": {"lines":{"total":5,"covered":5,"skipped":0,"pct":100},"functions":{"total":5,"covered":5,"skipped":0,"pct":100},"statements":{"total":6,"covered":6,"skipped":0,"pct":100},"branches":{"total":4,"covered":4,"skipped":0,"pct":100}}
,"/Users/aparedesa/Desktop/Projects/AranzaGroup/@aranzatech/flowslint/src/bpmn/rules/event-based-gateway-valid-targets.ts": {"lines":{"total":11,"covered":11,"skipped":0,"pct":100},"functions":{"total":4,"covered":4,"skipped":0,"pct":100},"statements":{"total":14,"covered":14,"skipped":0,"pct":100},"branches":{"total":10,"covered":9,"skipped":0,"pct":90}}
,"/Users/aparedesa/Desktop/Projects/AranzaGroup/@aranzatech/flowslint/src/bpmn/rules/event-definition-payload-required.ts": {"lines":{"total":13,"covered":12,"skipped":0,"pct":92.3},"functions":{"total":2,"covered":2,"skipped":0,"pct":100},"statements":{"total":14,"covered":13,"skipped":0,"pct":92.85},"branches":{"total":26,"covered":23,"skipped":0,"pct":88.46}}
,"/Users/aparedesa/Desktop/Projects/AranzaGroup/@aranzatech/flowslint/src/bpmn/rules/event-definition-ref-declared.ts": {"lines":{"total":26,"covered":23,"skipped":0,"pct":88.46},"functions":{"total":6,"covered":4,"skipped":0,"pct":66.66},"statements":{"total":30,"covered":25,"skipped":0,"pct":83.33},"branches":{"total":46,"covered":33,"skipped":0,"pct":71.73}}
,"/Users/aparedesa/Desktop/Projects/AranzaGroup/@aranzatech/flowslint/src/bpmn/rules/event-definition-ref-required.ts": {"lines":{"total":14,"covered":14,"skipped":0,"pct":100},"functions":{"total":2,"covered":2,"skipped":0,"pct":100},"statements":{"total":14,"covered":14,"skipped":0,"pct":100},"branches":{"total":26,"covered":26,"skipped":0,"pct":100}}
,"/Users/aparedesa/Desktop/Projects/AranzaGroup/@aranzatech/flowslint/src/bpmn/rules/exclusive-gateway-condition.ts": {"lines":{"total":11,"covered":11,"skipped":0,"pct":100},"functions":{"total":3,"covered":3,"skipped":0,"pct":100},"statements":{"total":14,"covered":14,"skipped":0,"pct":100},"branches":{"total":10,"covered":9,"skipped":0,"pct":90}}
,"/Users/aparedesa/Desktop/Projects/AranzaGroup/@aranzatech/flowslint/src/bpmn/rules/flow-node-has-incoming.ts": {"lines":{"total":9,"covered":9,"skipped":0,"pct":100},"functions":{"total":4,"covered":4,"skipped":0,"pct":100},"statements":{"total":10,"covered":10,"skipped":0,"pct":100},"branches":{"total":12,"covered":12,"skipped":0,"pct":100}}
,"/Users/aparedesa/Desktop/Projects/AranzaGroup/@aranzatech/flowslint/src/bpmn/rules/flow-node-has-outgoing.ts": {"lines":{"total":9,"covered":9,"skipped":0,"pct":100},"functions":{"total":4,"covered":4,"skipped":0,"pct":100},"statements":{"total":10,"covered":10,"skipped":0,"pct":100},"branches":{"total":13,"covered":13,"skipped":0,"pct":100}}
,"/Users/aparedesa/Desktop/Projects/AranzaGroup/@aranzatech/flowslint/src/bpmn/rules/gateway-has-incoming.ts": {"lines":{"total":7,"covered":7,"skipped":0,"pct":100},"functions":{"total":5,"covered":5,"skipped":0,"pct":100},"statements":{"total":10,"covered":10,"skipped":0,"pct":100},"branches":{"total":8,"covered":8,"skipped":0,"pct":100}}
,"/Users/aparedesa/Desktop/Projects/AranzaGroup/@aranzatech/flowslint/src/bpmn/rules/gateway-has-name.ts": {"lines":{"total":5,"covered":5,"skipped":0,"pct":100},"functions":{"total":3,"covered":3,"skipped":0,"pct":100},"statements":{"total":5,"covered":5,"skipped":0,"pct":100},"branches":{"total":2,"covered":2,"skipped":0,"pct":100}}
,"/Users/aparedesa/Desktop/Projects/AranzaGroup/@aranzatech/flowslint/src/bpmn/rules/gateway-has-outgoing.ts": {"lines":{"total":5,"covered":5,"skipped":0,"pct":100},"functions":{"total":4,"covered":4,"skipped":0,"pct":100},"statements":{"total":6,"covered":6,"skipped":0,"pct":100},"branches":{"total":4,"covered":4,"skipped":0,"pct":100}}
,"/Users/aparedesa/Desktop/Projects/AranzaGroup/@aranzatech/flowslint/src/bpmn/rules/gateway-single-default.ts": {"lines":{"total":10,"covered":10,"skipped":0,"pct":100},"functions":{"total":5,"covered":5,"skipped":0,"pct":100},"statements":{"total":14,"covered":14,"skipped":0,"pct":100},"branches":{"total":4,"covered":4,"skipped":0,"pct":100}}
,"/Users/aparedesa/Desktop/Projects/AranzaGroup/@aranzatech/flowslint/src/bpmn/rules/intermediate-event-both-flows.ts": {"lines":{"total":12,"covered":12,"skipped":0,"pct":100},"functions":{"total":4,"covered":4,"skipped":0,"pct":100},"statements":{"total":14,"covered":14,"skipped":0,"pct":100},"branches":{"total":14,"covered":14,"skipped":0,"pct":100}}
,"/Users/aparedesa/Desktop/Projects/AranzaGroup/@aranzatech/flowslint/src/bpmn/rules/lane-parent-pool.ts": {"lines":{"total":8,"covered":8,"skipped":0,"pct":100},"functions":{"total":5,"covered":5,"skipped":0,"pct":100},"statements":{"total":10,"covered":10,"skipped":0,"pct":100},"branches":{"total":6,"covered":6,"skipped":0,"pct":100}}
,"/Users/aparedesa/Desktop/Projects/AranzaGroup/@aranzatech/flowslint/src/bpmn/rules/link-event-pair.ts": {"lines":{"total":9,"covered":9,"skipped":0,"pct":100},"functions":{"total":6,"covered":6,"skipped":0,"pct":100},"statements":{"total":9,"covered":9,"skipped":0,"pct":100},"branches":{"total":8,"covered":7,"skipped":0,"pct":87.5}}
,"/Users/aparedesa/Desktop/Projects/AranzaGroup/@aranzatech/flowslint/src/bpmn/rules/long-process.ts": {"lines":{"total":6,"covered":6,"skipped":0,"pct":100},"functions":{"total":2,"covered":2,"skipped":0,"pct":100},"statements":{"total":7,"covered":7,"skipped":0,"pct":100},"branches":{"total":4,"covered":4,"skipped":0,"pct":100}}
,"/Users/aparedesa/Desktop/Projects/AranzaGroup/@aranzatech/flowslint/src/bpmn/rules/message-flow-valid-endpoints.ts": {"lines":{"total":14,"covered":14,"skipped":0,"pct":100},"functions":{"total":4,"covered":4,"skipped":0,"pct":100},"statements":{"total":17,"covered":16,"skipped":0,"pct":94.11},"branches":{"total":15,"covered":14,"skipped":0,"pct":93.33}}
,"/Users/aparedesa/Desktop/Projects/AranzaGroup/@aranzatech/flowslint/src/bpmn/rules/no-disconnected-nodes.ts": {"lines":{"total":10,"covered":10,"skipped":0,"pct":100},"functions":{"total":3,"covered":3,"skipped":0,"pct":100},"statements":{"total":10,"covered":10,"skipped":0,"pct":100},"branches":{"total":7,"covered":7,"skipped":0,"pct":100}}
,"/Users/aparedesa/Desktop/Projects/AranzaGroup/@aranzatech/flowslint/src/bpmn/rules/no-duplicate-sequence-flow.ts": {"lines":{"total":10,"covered":10,"skipped":0,"pct":100},"functions":{"total":3,"covered":3,"skipped":0,"pct":100},"statements":{"total":11,"covered":11,"skipped":0,"pct":100},"branches":{"total":2,"covered":2,"skipped":0,"pct":100}}
,"/Users/aparedesa/Desktop/Projects/AranzaGroup/@aranzatech/flowslint/src/bpmn/rules/no-empty-pool.ts": {"lines":{"total":12,"covered":12,"skipped":0,"pct":100},"functions":{"total":7,"covered":7,"skipped":0,"pct":100},"statements":{"total":16,"covered":16,"skipped":0,"pct":100},"branches":{"total":12,"covered":11,"skipped":0,"pct":91.66}}
,"/Users/aparedesa/Desktop/Projects/AranzaGroup/@aranzatech/flowslint/src/bpmn/rules/no-implicit-join.ts": {"lines":{"total":5,"covered":5,"skipped":0,"pct":100},"functions":{"total":5,"covered":5,"skipped":0,"pct":100},"statements":{"total":6,"covered":6,"skipped":0,"pct":100},"branches":{"total":7,"covered":6,"skipped":0,"pct":85.71}}
,"/Users/aparedesa/Desktop/Projects/AranzaGroup/@aranzatech/flowslint/src/bpmn/rules/no-implicit-split.ts": {"lines":{"total":5,"covered":5,"skipped":0,"pct":100},"functions":{"total":5,"covered":5,"skipped":0,"pct":100},"statements":{"total":6,"covered":6,"skipped":0,"pct":100},"branches":{"total":4,"covered":3,"skipped":0,"pct":75}}
,"/Users/aparedesa/Desktop/Projects/AranzaGroup/@aranzatech/flowslint/src/bpmn/rules/no-multiple-start-events.ts": {"lines":{"total":25,"covered":23,"skipped":0,"pct":92},"functions":{"total":9,"covered":9,"skipped":0,"pct":100},"statements":{"total":31,"covered":28,"skipped":0,"pct":90.32},"branches":{"total":24,"covered":20,"skipped":0,"pct":83.33}}
,"/Users/aparedesa/Desktop/Projects/AranzaGroup/@aranzatech/flowslint/src/bpmn/rules/no-orphan-edges.ts": {"lines":{"total":5,"covered":5,"skipped":0,"pct":100},"functions":{"total":4,"covered":4,"skipped":0,"pct":100},"statements":{"total":6,"covered":6,"skipped":0,"pct":100},"branches":{"total":2,"covered":2,"skipped":0,"pct":100}}
,"/Users/aparedesa/Desktop/Projects/AranzaGroup/@aranzatech/flowslint/src/bpmn/rules/no-outgoing-from-end-event.ts": {"lines":{"total":5,"covered":5,"skipped":0,"pct":100},"functions":{"total":5,"covered":5,"skipped":0,"pct":100},"statements":{"total":6,"covered":6,"skipped":0,"pct":100},"branches":{"total":4,"covered":4,"skipped":0,"pct":100}}
,"/Users/aparedesa/Desktop/Projects/AranzaGroup/@aranzatech/flowslint/src/bpmn/rules/no-self-loop.ts": {"lines":{"total":4,"covered":4,"skipped":0,"pct":100},"functions":{"total":3,"covered":3,"skipped":0,"pct":100},"statements":{"total":4,"covered":4,"skipped":0,"pct":100},"branches":{"total":2,"covered":2,"skipped":0,"pct":100}}
,"/Users/aparedesa/Desktop/Projects/AranzaGroup/@aranzatech/flowslint/src/bpmn/rules/pool-children-inside-lanes.ts": {"lines":{"total":12,"covered":12,"skipped":0,"pct":100},"functions":{"total":5,"covered":5,"skipped":0,"pct":100},"statements":{"total":16,"covered":16,"skipped":0,"pct":100},"branches":{"total":8,"covered":8,"skipped":0,"pct":100}}
,"/Users/aparedesa/Desktop/Projects/AranzaGroup/@aranzatech/flowslint/src/bpmn/rules/process-node-outside-participant.ts": {"lines":{"total":6,"covered":6,"skipped":0,"pct":100},"functions":{"total":4,"covered":4,"skipped":0,"pct":100},"statements":{"total":8,"covered":8,"skipped":0,"pct":100},"branches":{"total":7,"covered":6,"skipped":0,"pct":85.71}}
,"/Users/aparedesa/Desktop/Projects/AranzaGroup/@aranzatech/flowslint/src/bpmn/rules/reachable-from-start.ts": {"lines":{"total":27,"covered":27,"skipped":0,"pct":100},"functions":{"total":11,"covered":11,"skipped":0,"pct":100},"statements":{"total":39,"covered":39,"skipped":0,"pct":100},"branches":{"total":23,"covered":23,"skipped":0,"pct":100}}
,"/Users/aparedesa/Desktop/Projects/AranzaGroup/@aranzatech/flowslint/src/bpmn/rules/scope-single-start.ts": {"lines":{"total":10,"covered":10,"skipped":0,"pct":100},"functions":{"total":3,"covered":3,"skipped":0,"pct":100},"statements":{"total":11,"covered":11,"skipped":0,"pct":100},"branches":{"total":6,"covered":6,"skipped":0,"pct":100}}
,"/Users/aparedesa/Desktop/Projects/AranzaGroup/@aranzatech/flowslint/src/bpmn/rules/sequence-flow-no-cross-pool.ts": {"lines":{"total":17,"covered":17,"skipped":0,"pct":100},"functions":{"total":6,"covered":6,"skipped":0,"pct":100},"statements":{"total":22,"covered":22,"skipped":0,"pct":100},"branches":{"total":13,"covered":13,"skipped":0,"pct":100}}
,"/Users/aparedesa/Desktop/Projects/AranzaGroup/@aranzatech/flowslint/src/bpmn/rules/sequence-flow-valid-endpoints.ts": {"lines":{"total":10,"covered":10,"skipped":0,"pct":100},"functions":{"total":3,"covered":3,"skipped":0,"pct":100},"statements":{"total":13,"covered":13,"skipped":0,"pct":100},"branches":{"total":12,"covered":12,"skipped":0,"pct":100}}
,"/Users/aparedesa/Desktop/Projects/AranzaGroup/@aranzatech/flowslint/src/bpmn/rules/start-event-no-incoming.ts": {"lines":{"total":5,"covered":5,"skipped":0,"pct":100},"functions":{"total":5,"covered":5,"skipped":0,"pct":100},"statements":{"total":7,"covered":7,"skipped":0,"pct":100},"branches":{"total":4,"covered":4,"skipped":0,"pct":100}}
,"/Users/aparedesa/Desktop/Projects/AranzaGroup/@aranzatech/flowslint/src/bpmn/rules/start-event-required.ts": {"lines":{"total":21,"covered":21,"skipped":0,"pct":100},"functions":{"total":9,"covered":9,"skipped":0,"pct":100},"statements":{"total":27,"covered":26,"skipped":0,"pct":96.29},"branches":{"total":24,"covered":23,"skipped":0,"pct":95.83}}
,"/Users/aparedesa/Desktop/Projects/AranzaGroup/@aranzatech/flowslint/src/bpmn/rules/subprocess-has-start-end.ts": {"lines":{"total":24,"covered":24,"skipped":0,"pct":100},"functions":{"total":6,"covered":6,"skipped":0,"pct":100},"statements":{"total":29,"covered":29,"skipped":0,"pct":100},"branches":{"total":28,"covered":28,"skipped":0,"pct":100}}
,"/Users/aparedesa/Desktop/Projects/AranzaGroup/@aranzatech/flowslint/src/bpmn/rules/task-has-name.ts": {"lines":{"total":4,"covered":4,"skipped":0,"pct":100},"functions":{"total":3,"covered":3,"skipped":0,"pct":100},"statements":{"total":4,"covered":4,"skipped":0,"pct":100},"branches":{"total":2,"covered":2,"skipped":0,"pct":100}}
,"/Users/aparedesa/Desktop/Projects/AranzaGroup/@aranzatech/flowslint/src/bpmn/rules/aranza/adhoc-has-completion-condition.ts": {"lines":{"total":5,"covered":5,"skipped":0,"pct":100},"functions":{"total":4,"covered":4,"skipped":0,"pct":100},"statements":{"total":5,"covered":5,"skipped":0,"pct":100},"branches":{"total":2,"covered":2,"skipped":0,"pct":100}}
,"/Users/aparedesa/Desktop/Projects/AranzaGroup/@aranzatech/flowslint/src/bpmn/rules/aranza/automatable-task-action.ts": {"lines":{"total":6,"covered":6,"skipped":0,"pct":100},"functions":{"total":4,"covered":4,"skipped":0,"pct":100},"statements":{"total":6,"covered":6,"skipped":0,"pct":100},"branches":{"total":4,"covered":4,"skipped":0,"pct":100}}
,"/Users/aparedesa/Desktop/Projects/AranzaGroup/@aranzatech/flowslint/src/bpmn/rules/aranza/critical-task-has-sla.ts": {"lines":{"total":4,"covered":4,"skipped":0,"pct":100},"functions":{"total":3,"covered":3,"skipped":0,"pct":100},"statements":{"total":4,"covered":4,"skipped":0,"pct":100},"branches":{"total":3,"covered":3,"skipped":0,"pct":100}}
,"/Users/aparedesa/Desktop/Projects/AranzaGroup/@aranzatech/flowslint/src/bpmn/rules/aranza/service-task-config.ts": {"lines":{"total":7,"covered":7,"skipped":0,"pct":100},"functions":{"total":4,"covered":4,"skipped":0,"pct":100},"statements":{"total":7,"covered":7,"skipped":0,"pct":100},"branches":{"total":8,"covered":7,"skipped":0,"pct":87.5}}
,"/Users/aparedesa/Desktop/Projects/AranzaGroup/@aranzatech/flowslint/src/bpmn/rules/aranza/sla-format.ts": {"lines":{"total":7,"covered":7,"skipped":0,"pct":100},"functions":{"total":4,"covered":4,"skipped":0,"pct":100},"statements":{"total":8,"covered":8,"skipped":0,"pct":100},"branches":{"total":7,"covered":7,"skipped":0,"pct":100}}
,"/Users/aparedesa/Desktop/Projects/AranzaGroup/@aranzatech/flowslint/src/bpmn/rules/aranza/task-has-owner.ts": {"lines":{"total":4,"covered":4,"skipped":0,"pct":100},"functions":{"total":3,"covered":3,"skipped":0,"pct":100},"statements":{"total":4,"covered":4,"skipped":0,"pct":100},"branches":{"total":4,"covered":4,"skipped":0,"pct":100}}
,"/Users/aparedesa/Desktop/Projects/AranzaGroup/@aranzatech/flowslint/src/bpmn/rules/aranza/user-task-has-form.ts": {"lines":{"total":5,"covered":5,"skipped":0,"pct":100},"functions":{"total":4,"covered":4,"skipped":0,"pct":100},"statements":{"total":5,"covered":5,"skipped":0,"pct":100},"branches":{"total":2,"covered":1,"skipped":0,"pct":50}}
,"/Users/aparedesa/Desktop/Projects/AranzaGroup/@aranzatech/flowslint/src/c4/index.ts": {"lines":{"total":0,"covered":0,"skipped":0,"pct":100},"functions":{"total":0,"covered":0,"skipped":0,"pct":100},"statements":{"total":0,"covered":0,"skipped":0,"pct":100},"branches":{"total":0,"covered":0,"skipped":0,"pct":100}}
,"/Users/aparedesa/Desktop/Projects/AranzaGroup/@aranzatech/flowslint/src/c4/runner.ts": {"lines":{"total":5,"covered":5,"skipped":0,"pct":100},"functions":{"total":2,"covered":2,"skipped":0,"pct":100},"statements":{"total":5,"covered":5,"skipped":0,"pct":100},"branches":{"total":3,"covered":2,"skipped":0,"pct":66.66}}
,"/Users/aparedesa/Desktop/Projects/AranzaGroup/@aranzatech/flowslint/src/c4/types.ts": {"lines":{"total":4,"covered":4,"skipped":0,"pct":100},"functions":{"total":4,"covered":4,"skipped":0,"pct":100},"statements":{"total":4,"covered":4,"skipped":0,"pct":100},"branches":{"total":10,"covered":10,"skipped":0,"pct":100}}
,"/Users/aparedesa/Desktop/Projects/AranzaGroup/@aranzatech/flowslint/src/c4/rules/component-inside-container.ts": {"lines":{"total":10,"covered":10,"skipped":0,"pct":100},"functions":{"total":3,"covered":3,"skipped":0,"pct":100},"statements":{"total":11,"covered":11,"skipped":0,"pct":100},"branches":{"total":12,"covered":9,"skipped":0,"pct":75}}
,"/Users/aparedesa/Desktop/Projects/AranzaGroup/@aranzatech/flowslint/src/c4/rules/container-inside-system.ts": {"lines":{"total":10,"covered":10,"skipped":0,"pct":100},"functions":{"total":3,"covered":3,"skipped":0,"pct":100},"statements":{"total":11,"covered":11,"skipped":0,"pct":100},"branches":{"total":12,"covered":10,"skipped":0,"pct":83.33}}
,"/Users/aparedesa/Desktop/Projects/AranzaGroup/@aranzatech/flowslint/src/c4/rules/element-has-description.ts": {"lines":{"total":5,"covered":5,"skipped":0,"pct":100},"functions":{"total":4,"covered":4,"skipped":0,"pct":100},"statements":{"total":5,"covered":5,"skipped":0,"pct":100},"branches":{"total":4,"covered":4,"skipped":0,"pct":100}}
,"/Users/aparedesa/Desktop/Projects/AranzaGroup/@aranzatech/flowslint/src/c4/rules/element-has-name.ts": {"lines":{"total":4,"covered":4,"skipped":0,"pct":100},"functions":{"total":3,"covered":3,"skipped":0,"pct":100},"statements":{"total":4,"covered":4,"skipped":0,"pct":100},"branches":{"total":2,"covered":2,"skipped":0,"pct":100}}
,"/Users/aparedesa/Desktop/Projects/AranzaGroup/@aranzatech/flowslint/src/c4/rules/no-direct-person-to-component.ts": {"lines":{"total":8,"covered":8,"skipped":0,"pct":100},"functions":{"total":3,"covered":3,"skipped":0,"pct":100},"statements":{"total":11,"covered":10,"skipped":0,"pct":90.9},"branches":{"total":12,"covered":9,"skipped":0,"pct":75}}
,"/Users/aparedesa/Desktop/Projects/AranzaGroup/@aranzatech/flowslint/src/c4/rules/person-interacts.ts": {"lines":{"total":6,"covered":6,"skipped":0,"pct":100},"functions":{"total":3,"covered":3,"skipped":0,"pct":100},"statements":{"total":8,"covered":8,"skipped":0,"pct":100},"branches":{"total":6,"covered":4,"skipped":0,"pct":66.66}}
,"/Users/aparedesa/Desktop/Projects/AranzaGroup/@aranzatech/flowslint/src/c4/rules/system-has-description.ts": {"lines":{"total":5,"covered":5,"skipped":0,"pct":100},"functions":{"total":4,"covered":4,"skipped":0,"pct":100},"statements":{"total":5,"covered":5,"skipped":0,"pct":100},"branches":{"total":6,"covered":6,"skipped":0,"pct":100}}
,"/Users/aparedesa/Desktop/Projects/AranzaGroup/@aranzatech/flowslint/src/c4/rules/technology-specified.ts": {"lines":{"total":5,"covered":5,"skipped":0,"pct":100},"functions":{"total":4,"covered":4,"skipped":0,"pct":100},"statements":{"total":5,"covered":5,"skipped":0,"pct":100},"branches":{"total":6,"covered":5,"skipped":0,"pct":83.33}}
,"/Users/aparedesa/Desktop/Projects/AranzaGroup/@aranzatech/flowslint/src/core/cache.ts": {"lines":{"total":34,"covered":33,"skipped":0,"pct":97.05},"functions":{"total":14,"covered":13,"skipped":0,"pct":92.85},"statements":{"total":39,"covered":38,"skipped":0,"pct":97.43},"branches":{"total":42,"covered":30,"skipped":0,"pct":71.42}}
,"/Users/aparedesa/Desktop/Projects/AranzaGroup/@aranzatech/flowslint/src/core/diff.ts": {"lines":{"total":18,"covered":18,"skipped":0,"pct":100},"functions":{"total":2,"covered":2,"skipped":0,"pct":100},"statements":{"total":18,"covered":18,"skipped":0,"pct":100},"branches":{"total":6,"covered":5,"skipped":0,"pct":83.33}}
,"/Users/aparedesa/Desktop/Projects/AranzaGroup/@aranzatech/flowslint/src/core/events.ts": {"lines":{"total":19,"covered":18,"skipped":0,"pct":94.73},"functions":{"total":9,"covered":9,"skipped":0,"pct":100},"statements":{"total":21,"covered":20,"skipped":0,"pct":95.23},"branches":{"total":8,"covered":6,"skipped":0,"pct":75}}
,"/Users/aparedesa/Desktop/Projects/AranzaGroup/@aranzatech/flowslint/src/core/grouping.ts": {"lines":{"total":26,"covered":26,"skipped":0,"pct":100},"functions":{"total":4,"covered":4,"skipped":0,"pct":100},"statements":{"total":33,"covered":33,"skipped":0,"pct":100},"branches":{"total":20,"covered":19,"skipped":0,"pct":95}}
,"/Users/aparedesa/Desktop/Projects/AranzaGroup/@aranzatech/flowslint/src/core/index.ts": {"lines":{"total":0,"covered":0,"skipped":0,"pct":100},"functions":{"total":0,"covered":0,"skipped":0,"pct":100},"statements":{"total":0,"covered":0,"skipped":0,"pct":100},"branches":{"total":0,"covered":0,"skipped":0,"pct":100}}
,"/Users/aparedesa/Desktop/Projects/AranzaGroup/@aranzatech/flowslint/src/core/runner.ts": {"lines":{"total":31,"covered":31,"skipped":0,"pct":100},"functions":{"total":7,"covered":7,"skipped":0,"pct":100},"statements":{"total":39,"covered":38,"skipped":0,"pct":97.43},"branches":{"total":26,"covered":25,"skipped":0,"pct":96.15}}
,"/Users/aparedesa/Desktop/Projects/AranzaGroup/@aranzatech/flowslint/src/core/serialization.ts": {"lines":{"total":12,"covered":12,"skipped":0,"pct":100},"functions":{"total":6,"covered":6,"skipped":0,"pct":100},"statements":{"total":12,"covered":12,"skipped":0,"pct":100},"branches":{"total":12,"covered":12,"skipped":0,"pct":100}}
,"/Users/aparedesa/Desktop/Projects/AranzaGroup/@aranzatech/flowslint/src/core/types.ts": {"lines":{"total":0,"covered":0,"skipped":0,"pct":100},"functions":{"total":0,"covered":0,"skipped":0,"pct":100},"statements":{"total":0,"covered":0,"skipped":0,"pct":100},"branches":{"total":0,"covered":0,"skipped":0,"pct":100}}
,"/Users/aparedesa/Desktop/Projects/AranzaGroup/@aranzatech/flowslint/src/erd/index.ts": {"lines":{"total":0,"covered":0,"skipped":0,"pct":100},"functions":{"total":0,"covered":0,"skipped":0,"pct":100},"statements":{"total":0,"covered":0,"skipped":0,"pct":100},"branches":{"total":0,"covered":0,"skipped":0,"pct":100}}
,"/Users/aparedesa/Desktop/Projects/AranzaGroup/@aranzatech/flowslint/src/erd/runner.ts": {"lines":{"total":5,"covered":5,"skipped":0,"pct":100},"functions":{"total":2,"covered":2,"skipped":0,"pct":100},"statements":{"total":5,"covered":5,"skipped":0,"pct":100},"branches":{"total":3,"covered":2,"skipped":0,"pct":66.66}}
,"/Users/aparedesa/Desktop/Projects/AranzaGroup/@aranzatech/flowslint/src/erd/types.ts": {"lines":{"total":3,"covered":3,"skipped":0,"pct":100},"functions":{"total":3,"covered":3,"skipped":0,"pct":100},"statements":{"total":3,"covered":3,"skipped":0,"pct":100},"branches":{"total":9,"covered":9,"skipped":0,"pct":100}}
,"/Users/aparedesa/Desktop/Projects/AranzaGroup/@aranzatech/flowslint/src/erd/rules/attribute-has-name.ts": {"lines":{"total":4,"covered":4,"skipped":0,"pct":100},"functions":{"total":3,"covered":3,"skipped":0,"pct":100},"statements":{"total":4,"covered":4,"skipped":0,"pct":100},"branches":{"total":2,"covered":2,"skipped":0,"pct":100}}
,"/Users/aparedesa/Desktop/Projects/AranzaGroup/@aranzatech/flowslint/src/erd/rules/entity-connected.ts": {"lines":{"total":7,"covered":7,"skipped":0,"pct":100},"functions":{"total":3,"covered":3,"skipped":0,"pct":100},"statements":{"total":8,"covered":8,"skipped":0,"pct":100},"branches":{"total":6,"covered":6,"skipped":0,"pct":100}}
,"/Users/aparedesa/Desktop/Projects/AranzaGroup/@aranzatech/flowslint/src/erd/rules/entity-has-name.ts": {"lines":{"total":5,"covered":5,"skipped":0,"pct":100},"functions":{"total":4,"covered":4,"skipped":0,"pct":100},"statements":{"total":5,"covered":5,"skipped":0,"pct":100},"branches":{"total":4,"covered":4,"skipped":0,"pct":100}}
,"/Users/aparedesa/Desktop/Projects/AranzaGroup/@aranzatech/flowslint/src/erd/rules/entity-has-primary-key.ts": {"lines":{"total":10,"covered":10,"skipped":0,"pct":100},"functions":{"total":5,"covered":5,"skipped":0,"pct":100},"statements":{"total":13,"covered":13,"skipped":0,"pct":100},"branches":{"total":11,"covered":11,"skipped":0,"pct":100}}
,"/Users/aparedesa/Desktop/Projects/AranzaGroup/@aranzatech/flowslint/src/erd/rules/field-has-type.ts": {"lines":{"total":10,"covered":10,"skipped":0,"pct":100},"functions":{"total":1,"covered":1,"skipped":0,"pct":100},"statements":{"total":10,"covered":10,"skipped":0,"pct":100},"branches":{"total":10,"covered":7,"skipped":0,"pct":70}}
,"/Users/aparedesa/Desktop/Projects/AranzaGroup/@aranzatech/flowslint/src/erd/rules/foreign-key-references-pk.ts": {"lines":{"total":13,"covered":11,"skipped":0,"pct":84.61},"functions":{"total":1,"covered":1,"skipped":0,"pct":100},"statements":{"total":15,"covered":13,"skipped":0,"pct":86.66},"branches":{"total":16,"covered":8,"skipped":0,"pct":50}}
,"/Users/aparedesa/Desktop/Projects/AranzaGroup/@aranzatech/flowslint/src/erd/rules/no-duplicate-entity-names.ts": {"lines":{"total":12,"covered":11,"skipped":0,"pct":91.66},"functions":{"total":1,"covered":1,"skipped":0,"pct":100},"statements":{"total":13,"covered":12,"skipped":0,"pct":92.3},"branches":{"total":4,"covered":3,"skipped":0,"pct":75}}
,"/Users/aparedesa/Desktop/Projects/AranzaGroup/@aranzatech/flowslint/src/erd/rules/no-orphan-attribute.ts": {"lines":{"total":7,"covered":7,"skipped":0,"pct":100},"functions":{"total":3,"covered":3,"skipped":0,"pct":100},"statements":{"total":8,"covered":8,"skipped":0,"pct":100},"branches":{"total":6,"covered":5,"skipped":0,"pct":83.33}}
,"/Users/aparedesa/Desktop/Projects/AranzaGroup/@aranzatech/flowslint/src/erd/rules/no-self-relationship.ts": {"lines":{"total":10,"covered":9,"skipped":0,"pct":90},"functions":{"total":3,"covered":3,"skipped":0,"pct":100},"statements":{"total":10,"covered":9,"skipped":0,"pct":90},"branches":{"total":8,"covered":5,"skipped":0,"pct":62.5}}
,"/Users/aparedesa/Desktop/Projects/AranzaGroup/@aranzatech/flowslint/src/erd/rules/relationship-has-cardinality.ts": {"lines":{"total":4,"covered":4,"skipped":0,"pct":100},"functions":{"total":3,"covered":3,"skipped":0,"pct":100},"statements":{"total":4,"covered":4,"skipped":0,"pct":100},"branches":{"total":7,"covered":6,"skipped":0,"pct":85.71}}
,"/Users/aparedesa/Desktop/Projects/AranzaGroup/@aranzatech/flowslint/src/erd/rules/relationship-has-entities.ts": {"lines":{"total":7,"covered":7,"skipped":0,"pct":100},"functions":{"total":3,"covered":3,"skipped":0,"pct":100},"statements":{"total":8,"covered":8,"skipped":0,"pct":100},"branches":{"total":6,"covered":6,"skipped":0,"pct":100}}
,"/Users/aparedesa/Desktop/Projects/AranzaGroup/@aranzatech/flowslint/src/erd/rules/relationship-has-name.ts": {"lines":{"total":4,"covered":4,"skipped":0,"pct":100},"functions":{"total":3,"covered":3,"skipped":0,"pct":100},"statements":{"total":4,"covered":4,"skipped":0,"pct":100},"branches":{"total":2,"covered":2,"skipped":0,"pct":100}}
,"/Users/aparedesa/Desktop/Projects/AranzaGroup/@aranzatech/flowslint/src/uml/index.ts": {"lines":{"total":0,"covered":0,"skipped":0,"pct":100},"functions":{"total":0,"covered":0,"skipped":0,"pct":100},"statements":{"total":0,"covered":0,"skipped":0,"pct":100},"branches":{"total":0,"covered":0,"skipped":0,"pct":100}}
,"/Users/aparedesa/Desktop/Projects/AranzaGroup/@aranzatech/flowslint/src/uml/runner.ts": {"lines":{"total":5,"covered":5,"skipped":0,"pct":100},"functions":{"total":2,"covered":2,"skipped":0,"pct":100},"statements":{"total":5,"covered":5,"skipped":0,"pct":100},"branches":{"total":3,"covered":2,"skipped":0,"pct":66.66}}
,"/Users/aparedesa/Desktop/Projects/AranzaGroup/@aranzatech/flowslint/src/uml/types.ts": {"lines":{"total":1,"covered":1,"skipped":0,"pct":100},"functions":{"total":1,"covered":1,"skipped":0,"pct":100},"statements":{"total":1,"covered":1,"skipped":0,"pct":100},"branches":{"total":5,"covered":5,"skipped":0,"pct":100}}
,"/Users/aparedesa/Desktop/Projects/AranzaGroup/@aranzatech/flowslint/src/uml/rules/abstract-method-in-abstract-class.ts": {"lines":{"total":5,"covered":5,"skipped":0,"pct":100},"functions":{"total":5,"covered":5,"skipped":0,"pct":100},"statements":{"total":6,"covered":6,"skipped":0,"pct":100},"branches":{"total":2,"covered":1,"skipped":0,"pct":50}}
,"/Users/aparedesa/Desktop/Projects/AranzaGroup/@aranzatech/flowslint/src/uml/rules/class-has-name.ts": {"lines":{"total":4,"covered":4,"skipped":0,"pct":100},"functions":{"total":3,"covered":3,"skipped":0,"pct":100},"statements":{"total":4,"covered":4,"skipped":0,"pct":100},"branches":{"total":2,"covered":2,"skipped":0,"pct":100}}
,"/Users/aparedesa/Desktop/Projects/AranzaGroup/@aranzatech/flowslint/src/uml/rules/class-not-isolated.ts": {"lines":{"total":6,"covered":6,"skipped":0,"pct":100},"functions":{"total":3,"covered":3,"skipped":0,"pct":100},"statements":{"total":8,"covered":8,"skipped":0,"pct":100},"branches":{"total":6,"covered":6,"skipped":0,"pct":100}}
,"/Users/aparedesa/Desktop/Projects/AranzaGroup/@aranzatech/flowslint/src/uml/rules/enumeration-has-literals.ts": {"lines":{"total":5,"covered":5,"skipped":0,"pct":100},"functions":{"total":4,"covered":4,"skipped":0,"pct":100},"statements":{"total":5,"covered":5,"skipped":0,"pct":100},"branches":{"total":4,"covered":4,"skipped":0,"pct":100}}
,"/Users/aparedesa/Desktop/Projects/AranzaGroup/@aranzatech/flowslint/src/uml/rules/no-circular-inheritance.ts": {"lines":{"total":27,"covered":27,"skipped":0,"pct":100},"functions":{"total":5,"covered":5,"skipped":0,"pct":100},"statements":{"total":34,"covered":33,"skipped":0,"pct":97.05},"branches":{"total":20,"covered":17,"skipped":0,"pct":85}}
,"/Users/aparedesa/Desktop/Projects/AranzaGroup/@aranzatech/flowslint/src/uml/rules/no-duplicate-attribute.ts": {"lines":{"total":9,"covered":9,"skipped":0,"pct":100},"functions":{"total":3,"covered":3,"skipped":0,"pct":100},"statements":{"total":12,"covered":12,"skipped":0,"pct":100},"branches":{"total":8,"covered":7,"skipped":0,"pct":87.5}}
,"/Users/aparedesa/Desktop/Projects/AranzaGroup/@aranzatech/flowslint/src/uml/rules/package-has-name.ts": {"lines":{"total":5,"covered":5,"skipped":0,"pct":100},"functions":{"total":4,"covered":4,"skipped":0,"pct":100},"statements":{"total":5,"covered":5,"skipped":0,"pct":100},"branches":{"total":2,"covered":2,"skipped":0,"pct":100}}
,"/Users/aparedesa/Desktop/Projects/AranzaGroup/@aranzatech/flowslint/src/uml/rules/realization-target-is-interface.ts": {"lines":{"total":7,"covered":7,"skipped":0,"pct":100},"functions":{"total":4,"covered":4,"skipped":0,"pct":100},"statements":{"total":9,"covered":9,"skipped":0,"pct":100},"branches":{"total":6,"covered":5,"skipped":0,"pct":83.33}}
}
